<?xml version="1.0" encoding="UTF-8" ?>
<testsuite tests="3" failures="1" name="com.testng.framework.testscripts.HomePageTest" time="3.196" errors="0" skipped="0">
  <properties>
[...]
</properties>
  <testcase classname="com.testng.framework.testscripts.HomePageTest" name="checkBDSFeaturesSection" time="2.33"/>
  <testcase classname="com.testng.framework.testscripts.HomePageTest" name="checkCopyrightInformationSection" time="0.364"/>
  <testcase classname="com.testng.framework.testscripts.HomePageTest" name="checkFeatureLink" time="0.502">
    <failure message="check if NBI Data Collection heading is displayed" type="junit.framework.AssertionFailedError">junit.framework.AssertionFailedError: check if NBI Data Collection heading is displayed
	at junit.framework.Assert.fail(Assert.java:47)
	at junit.framework.Assert.assertTrue(Assert.java:20)
	at com.testng.framework.pageobjects.BDSHomePage.verifyFeatureLink(BDSHomePage.java:106)
	at com.testng.framework.testscripts.HomePageTest.checkFeatureLink(HomePageTest.java:27)
</failure>
    <system-out>Initializing Driver
</system-out>
    <system-err>Starting ChromeDriver 77.0.3865.40 (f484704e052e0b556f8030b65b953dce96503217-refs/branch-heads/3865@{#442}) on port 32599
Only local connections are allowed.
Please protect ports used by ChromeDriver and related test frameworks to prevent access by malicious code.
[1575648368.176][WARNING]: This version of ChromeDriver has not been tested with Chrome version 78.
Dec 06, 2019 9:36:09 PM org.openqa.selenium.remote.ProtocolHandshake createSession
INFO: Detected dialect: W3C
</system-err>
  </testcase>
</testsuite>