<?xml version="1.0" encoding="UTF-8"?>
<testng-results skipped="0" failed="1" total="3" passed="2">
  <reporter-output>
  </reporter-output>
  <suite name="com.testng.framework.testscripts.HomePageTest" duration-ms="48706" started-at="2019-12-06T16:05:31Z" finished-at="2019-12-06T16:06:20Z">
    <groups>
    </groups>
    <test name="Command line test" duration-ms="48706" started-at="2019-12-06T16:05:31Z" finished-at="2019-12-06T16:06:20Z">
      <class name="com.testng.framework.testscripts.HomePageTest">
        <test-method status="PASS" signature="startBrowser()[pri:0, instance:com.testng.framework.testscripts.HomePageTest@6442b0a6]" name="startBrowser" is-config="true" duration-ms="20774" started-at="2019-12-06T21:35:31Z" finished-at="2019-12-06T21:35:52Z">
          <reporter-output>
          </reporter-output>
        </test-method> <!-- startBrowser -->
        <test-method status="PASS" signature="checkBDSFeaturesSection()[pri:0, instance:com.testng.framework.testscripts.HomePageTest@6442b0a6]" name="checkBDSFeaturesSection" duration-ms="2320" started-at="2019-12-06T21:35:52Z" finished-at="2019-12-06T21:35:54Z">
          <reporter-output>
          </reporter-output>
        </test-method> <!-- checkBDSFeaturesSection -->
        <test-method status="PASS" signature="endBrowser()[pri:0, instance:com.testng.framework.testscripts.HomePageTest@6442b0a6]" name="endBrowser" is-config="true" duration-ms="837" started-at="2019-12-06T21:35:54Z" finished-at="2019-12-06T21:35:55Z">
          <reporter-output>
          </reporter-output>
        </test-method> <!-- endBrowser -->
        <test-method status="PASS" signature="startBrowser()[pri:0, instance:com.testng.framework.testscripts.HomePageTest@6442b0a6]" name="startBrowser" is-config="true" duration-ms="9743" started-at="2019-12-06T21:35:55Z" finished-at="2019-12-06T21:36:05Z">
          <reporter-output>
          </reporter-output>
        </test-method> <!-- startBrowser -->
        <test-method status="PASS" signature="checkCopyrightInformationSection()[pri:0, instance:com.testng.framework.testscripts.HomePageTest@6442b0a6]" name="checkCopyrightInformationSection" duration-ms="365" started-at="2019-12-06T21:36:05Z" finished-at="2019-12-06T21:36:05Z">
          <reporter-output>
          </reporter-output>
        </test-method> <!-- checkCopyrightInformationSection -->
        <test-method status="PASS" signature="endBrowser()[pri:0, instance:com.testng.framework.testscripts.HomePageTest@6442b0a6]" name="endBrowser" is-config="true" duration-ms="957" started-at="2019-12-06T21:36:05Z" finished-at="2019-12-06T21:36:06Z">
          <reporter-output>
          </reporter-output>
        </test-method> <!-- endBrowser -->
        <test-method status="PASS" signature="startBrowser()[pri:0, instance:com.testng.framework.testscripts.HomePageTest@6442b0a6]" name="startBrowser" is-config="true" duration-ms="11944" started-at="2019-12-06T21:36:06Z" finished-at="2019-12-06T21:36:18Z">
          <reporter-output>
          </reporter-output>
        </test-method> <!-- startBrowser -->
        <test-method status="FAIL" signature="checkFeatureLink()[pri:0, instance:com.testng.framework.testscripts.HomePageTest@6442b0a6]" name="checkFeatureLink" duration-ms="484" started-at="2019-12-06T21:36:18Z" finished-at="2019-12-06T21:36:19Z">
          <exception class="junit.framework.AssertionFailedError">
            <message>
              <![CDATA[check if NBI Data Collection heading is displayed]]>
            </message>
            <full-stacktrace>
              <![CDATA[junit.framework.AssertionFailedError: check if NBI Data Collection heading is displayed
	at junit.framework.Assert.fail(Assert.java:47)
	at junit.framework.Assert.assertTrue(Assert.java:20)
	at com.testng.framework.pageobjects.BDSHomePage.verifyFeatureLink(BDSHomePage.java:106)
	at com.testng.framework.testscripts.HomePageTest.checkFeatureLink(HomePageTest.java:27)
	at sun.reflect.NativeMethodAccessorImpl.invoke0(Native Method)
	at sun.reflect.NativeMethodAccessorImpl.invoke(Unknown Source)
	at sun.reflect.DelegatingMethodAccessorImpl.invoke(Unknown Source)
	at java.lang.reflect.Method.invoke(Unknown Source)
	at org.testng.internal.MethodInvocationHelper.invokeMethod(MethodInvocationHelper.java:84)
	at org.testng.internal.Invoker.invokeMethod(Invoker.java:714)
	at org.testng.internal.Invoker.invokeTestMethod(Invoker.java:901)
	at org.testng.internal.Invoker.invokeTestMethods(Invoker.java:1231)
	at org.testng.internal.TestMethodWorker.invokeTestMethods(TestMethodWorker.java:127)
	at org.testng.internal.TestMethodWorker.run(TestMethodWorker.java:111)
	at org.testng.TestRunner.privateRun(TestRunner.java:767)
	at org.testng.TestRunner.run(TestRunner.java:617)
	at org.testng.SuiteRunner.runTest(SuiteRunner.java:334)
	at org.testng.SuiteRunner.runSequentially(SuiteRunner.java:329)
	at org.testng.SuiteRunner.privateRun(SuiteRunner.java:291)
	at org.testng.SuiteRunner.run(SuiteRunner.java:240)
	at org.testng.SuiteRunnerWorker.runSuite(SuiteRunnerWorker.java:52)
	at org.testng.SuiteRunnerWorker.run(SuiteRunnerWorker.java:86)
	at org.testng.TestNG.runSuitesSequentially(TestNG.java:1224)
	at org.testng.TestNG.runSuitesLocally(TestNG.java:1149)
	at org.testng.TestNG.run(TestNG.java:1057)
	at org.apache.maven.surefire.testng.TestNGExecutor.run(TestNGExecutor.java:77)
	at org.apache.maven.surefire.testng.TestNGDirectoryTestSuite.execute(TestNGDirectoryTestSuite.java:110)
	at org.apache.maven.surefire.testng.TestNGProvider.invoke(TestNGProvider.java:106)
	at sun.reflect.NativeMethodAccessorImpl.invoke0(Native Method)
	at sun.reflect.NativeMethodAccessorImpl.invoke(Unknown Source)
	at sun.reflect.DelegatingMethodAccessorImpl.invoke(Unknown Source)
	at java.lang.reflect.Method.invoke(Unknown Source)
	at org.apache.maven.surefire.util.ReflectionUtils.invokeMethodWithArray(ReflectionUtils.java:189)
	at org.apache.maven.surefire.booter.ProviderFactory$ProviderProxy.invoke(ProviderFactory.java:165)
	at org.apache.maven.surefire.booter.ProviderFactory.invokeProvider(ProviderFactory.java:85)
	at org.apache.maven.surefire.booter.ForkedBooter.runSuitesInProcess(ForkedBooter.java:115)
	at org.apache.maven.surefire.booter.ForkedBooter.main(ForkedBooter.java:75)
]]>
            </full-stacktrace>
          </exception> <!-- junit.framework.AssertionFailedError -->
          <reporter-output>
          </reporter-output>
        </test-method> <!-- checkFeatureLink -->
        <test-method status="PASS" signature="endBrowser()[pri:0, instance:com.testng.framework.testscripts.HomePageTest@6442b0a6]" name="endBrowser" is-config="true" duration-ms="1218" started-at="2019-12-06T21:36:19Z" finished-at="2019-12-06T21:36:20Z">
          <reporter-output>
          </reporter-output>
        </test-method> <!-- endBrowser -->
      </class> <!-- com.testng.framework.testscripts.HomePageTest -->
    </test> <!-- Command line test -->
  </suite> <!-- com.testng.framework.testscripts.HomePageTest -->
</testng-results>
