<?xml version="1.0" encoding="UTF-8"?>
<testng-results skipped="0" failed="1" total="3" passed="2">
  <reporter-output>
  </reporter-output>
  <suite name="Default suite" duration-ms="47152" started-at="2019-12-06T16:01:02Z" finished-at="2019-12-06T16:01:49Z">
    <groups>
    </groups>
    <test name="Default test" duration-ms="47152" started-at="2019-12-06T16:01:02Z" finished-at="2019-12-06T16:01:49Z">
      <class name="com.testng.framework.testscripts.HomePageTest">
        <test-method status="PASS" signature="startBrowser()[pri:0, instance:com.testng.framework.testscripts.HomePageTest@58651fd0]" name="startBrowser" is-config="true" duration-ms="14694" started-at="2019-12-06T21:31:02Z" finished-at="2019-12-06T21:31:17Z">
          <reporter-output>
          </reporter-output>
        </test-method> <!-- startBrowser -->
        <test-method status="PASS" signature="checkBDSFeaturesSection()[pri:0, instance:com.testng.framework.testscripts.HomePageTest@58651fd0]" name="checkBDSFeaturesSection" duration-ms="2620" started-at="2019-12-06T21:31:17Z" finished-at="2019-12-06T21:31:19Z">
          <reporter-output>
          </reporter-output>
        </test-method> <!-- checkBDSFeaturesSection -->
        <test-method status="PASS" signature="endBrowser()[pri:0, instance:com.testng.framework.testscripts.HomePageTest@58651fd0]" name="endBrowser" is-config="true" duration-ms="860" started-at="2019-12-06T21:31:20Z" finished-at="2019-12-06T21:31:20Z">
          <reporter-output>
          </reporter-output>
        </test-method> <!-- endBrowser -->
        <test-method status="PASS" signature="startBrowser()[pri:0, instance:com.testng.framework.testscripts.HomePageTest@58651fd0]" name="startBrowser" is-config="true" duration-ms="15238" started-at="2019-12-06T21:31:20Z" finished-at="2019-12-06T21:31:36Z">
          <reporter-output>
          </reporter-output>
        </test-method> <!-- startBrowser -->
        <test-method status="PASS" signature="checkCopyrightInformationSection()[pri:0, instance:com.testng.framework.testscripts.HomePageTest@58651fd0]" name="checkCopyrightInformationSection" duration-ms="339" started-at="2019-12-06T21:31:36Z" finished-at="2019-12-06T21:31:36Z">
          <reporter-output>
          </reporter-output>
        </test-method> <!-- checkCopyrightInformationSection -->
        <test-method status="PASS" signature="endBrowser()[pri:0, instance:com.testng.framework.testscripts.HomePageTest@58651fd0]" name="endBrowser" is-config="true" duration-ms="865" started-at="2019-12-06T21:31:36Z" finished-at="2019-12-06T21:31:37Z">
          <reporter-output>
          </reporter-output>
        </test-method> <!-- endBrowser -->
        <test-method status="PASS" signature="startBrowser()[pri:0, instance:com.testng.framework.testscripts.HomePageTest@58651fd0]" name="startBrowser" is-config="true" duration-ms="10994" started-at="2019-12-06T21:31:37Z" finished-at="2019-12-06T21:31:48Z">
          <reporter-output>
          </reporter-output>
        </test-method> <!-- startBrowser -->
        <test-method status="FAIL" signature="checkFeatureLink()[pri:0, instance:com.testng.framework.testscripts.HomePageTest@58651fd0]" name="checkFeatureLink" duration-ms="525" started-at="2019-12-06T21:31:48Z" finished-at="2019-12-06T21:31:48Z">
          <exception class="junit.framework.AssertionFailedError">
            <message>
              <![CDATA[check if NBI Data Collection heading is displayed]]>
            </message>
            <full-stacktrace>
              <![CDATA[junit.framework.AssertionFailedError: check if NBI Data Collection heading is displayed
	at junit.framework.Assert.fail(Assert.java:47)
	at junit.framework.Assert.assertTrue(Assert.java:20)
	at com.testng.framework.pageobjects.BDSHomePage.verifyFeatureLink(BDSHomePage.java:106)
	at com.testng.framework.testscripts.HomePageTest.checkFeatureLink(HomePageTest.java:27)
	at sun.reflect.NativeMethodAccessorImpl.invoke0(Native Method)
	at sun.reflect.NativeMethodAccessorImpl.invoke(Unknown Source)
	at sun.reflect.DelegatingMethodAccessorImpl.invoke(Unknown Source)
	at java.lang.reflect.Method.invoke(Unknown Source)
	at org.testng.internal.MethodInvocationHelper.invokeMethod(MethodInvocationHelper.java:84)
	at org.testng.internal.Invoker.invokeMethod(Invoker.java:714)
	at org.testng.internal.Invoker.invokeTestMethod(Invoker.java:901)
	at org.testng.internal.Invoker.invokeTestMethods(Invoker.java:1231)
	at org.testng.internal.TestMethodWorker.invokeTestMethods(TestMethodWorker.java:127)
	at org.testng.internal.TestMethodWorker.run(TestMethodWorker.java:111)
	at org.testng.TestRunner.privateRun(TestRunner.java:767)
	at org.testng.TestRunner.run(TestRunner.java:617)
	at org.testng.SuiteRunner.runTest(SuiteRunner.java:334)
	at org.testng.SuiteRunner.runSequentially(SuiteRunner.java:329)
	at org.testng.SuiteRunner.privateRun(SuiteRunner.java:291)
	at org.testng.SuiteRunner.run(SuiteRunner.java:240)
	at org.testng.SuiteRunnerWorker.runSuite(SuiteRunnerWorker.java:52)
	at org.testng.SuiteRunnerWorker.run(SuiteRunnerWorker.java:86)
	at org.testng.TestNG.runSuitesSequentially(TestNG.java:1224)
	at org.testng.TestNG.runSuitesLocally(TestNG.java:1149)
	at org.testng.TestNG.run(TestNG.java:1057)
	at org.testng.remote.AbstractRemoteTestNG.run(AbstractRemoteTestNG.java:115)
	at org.testng.remote.RemoteTestNG.initAndRun(RemoteTestNG.java:251)
	at org.testng.remote.RemoteTestNG.main(RemoteTestNG.java:77)
]]>
            </full-stacktrace>
          </exception> <!-- junit.framework.AssertionFailedError -->
          <reporter-output>
          </reporter-output>
        </test-method> <!-- checkFeatureLink -->
        <test-method status="PASS" signature="endBrowser()[pri:0, instance:com.testng.framework.testscripts.HomePageTest@58651fd0]" name="endBrowser" is-config="true" duration-ms="940" started-at="2019-12-06T21:31:48Z" finished-at="2019-12-06T21:31:49Z">
          <reporter-output>
          </reporter-output>
        </test-method> <!-- endBrowser -->
      </class> <!-- com.testng.framework.testscripts.HomePageTest -->
    </test> <!-- Default test -->
  </suite> <!-- Default suite -->
</testng-results>
