<?xml version="1.0" encoding="UTF-8"?>
<!-- Generated by org.testng.reporters.JUnitXMLReporter -->
<testsuite hostname="Nikhil-PC" name="Command line test" tests="3" failures="1" timestamp="6 Dec 2019 16:06:20 GMT" time="48.706" errors="0">
  <testcase name="checkBDSFeaturesSection" time="2.32" classname="com.testng.framework.testscripts.HomePageTest"/>
  <testcase name="checkCopyrightInformationSection" time="0.365" classname="com.testng.framework.testscripts.HomePageTest"/>
  <testcase name="checkFeatureLink" time="0.484" classname="com.testng.framework.testscripts.HomePageTest">
    <failure type="junit.framework.AssertionFailedError" message="check if NBI Data Collection heading is displayed">
      <![CDATA[junit.framework.AssertionFailedError: check if NBI Data Collection heading is displayed
	at junit.framework.Assert.fail(Assert.java:47)
	at junit.framework.Assert.assertTrue(Assert.java:20)
	at com.testng.framework.pageobjects.BDSHomePage.verifyFeatureLink(BDSHomePage.java:106)
	at com.testng.framework.testscripts.HomePageTest.checkFeatureLink(HomePageTest.java:27)
... Removed 33 stack frames]]>
    </failure>
  </testcase> <!-- checkFeatureLink -->
</testsuite> <!-- Command line test -->
